<?xml version="1.0" encoding="UTF-8"?>
<!-- Generated by org.testng.reporters.JUnitReportReporter -->
<testsuite hostname="WIN-ULJM1V86J9P" failures="0" tests="1" name="TestNG.Activity7" time="0.365" errors="0" timestamp="2021-11-25T13:50:09 IST" skipped="0">
  <testcase classname="TestNG.Activity7" name="login" time="0.365"/>
  <system-out/>
</testsuite> <!-- TestNG.Activity7 -->
