<?xml version="1.0" encoding="UTF-8"?>
<!-- Generated by org.testng.reporters.JUnitReportReporter -->
<testsuite hostname="WIN-ULJM1V86J9P" failures="0" tests="1" name="TestNG.Activity8" time="0.000" errors="0" timestamp="2021-11-25T13:50:09 IST" skipped="0">
  <testcase classname="TestNG.Activity8" name="Test" time="0.000"/>
  <system-out/>
</testsuite> <!-- TestNG.Activity8 -->
