<?xml version="1.0" encoding="UTF-8"?>
<!-- Generated by org.testng.reporters.JUnitReportReporter -->
<testsuite hostname="WIN-ULJM1V86J9P" failures="0" tests="5" name="TestNG.Activity5" time="0.133" errors="0" timestamp="2021-11-25T13:50:09 IST" skipped="0">
  <testcase classname="TestNG.Activity5" name="buttonTest2" time="0.034"/>
  <system-out/>
  <testcase classname="TestNG.Activity5" name="headerTest2" time="0.016"/>
  <system-out/>
  <testcase classname="TestNG.Activity5" name="buttonTest1" time="0.059"/>
  <system-out/>
  <testcase classname="TestNG.Activity5" name="headerTest1" time="0.018"/>
  <system-out/>
  <testcase classname="TestNG.Activity5" name="testCase" time="0.006"/>
  <system-out/>
</testsuite> <!-- TestNG.Activity5 -->
