<?xml version="1.0" encoding="UTF-8"?>
<!-- Generated by org.testng.reporters.JUnitReportReporter -->
<testsuite hostname="WIN-ULJM1V86J9P" failures="0" tests="3" name="TestNG.Activity9" time="0.641" errors="0" timestamp="2021-11-25T13:50:09 IST" skipped="0">
  <testcase classname="TestNG.Activity9" name="simpleAlertTestCase" time="0.311"/>
  <system-out>
    <![CDATA[simpleAlertTestCase() started |
Simple Alert opened |
Switched foucs to alert |
Alert text is: This is a JavaScript Alert! |
Alert closed
Test case ended |]]>
  </system-out>
  <testcase classname="TestNG.Activity9" name="confirmAlertTestCase" time="0.165"/>
  <system-out>
    <![CDATA[confirmAlertTestCase() started |
Confirm Alert opened |
Switched foucs to alert |
Alert text is: This is a JavaScript Confirmation! |
Alert closed |
Test case ended |]]>
  </system-out>
  <testcase classname="TestNG.Activity9" name="promptAlertTestCase" time="0.165"/>
  <system-out>
    <![CDATA[promptAlertTestCase() started |
Prompt Alert opened |
Switched foucs to alert |
Alert text is: This is a JavaScript Prompt! |
Text entered in prompt alert |
Alert closed |
Test case ended |]]>
  </system-out>
</testsuite> <!-- TestNG.Activity9 -->
