<?xml version="1.0" encoding="UTF-8"?>
<!-- Generated by org.testng.reporters.JUnitReportReporter -->
<testsuite hostname="WIN-ULJM1V86J9P" failures="0" tests="1" name="com.ibm.Activity_5" time="5.153" errors="0" timestamp="2021-11-25T13:50:09 IST" skipped="0">
  <testcase classname="com.ibm.Activity_5" name="verifyJobspage" time="5.153"/>
  <system-out/>
</testsuite> <!-- com.ibm.Activity_5 -->
